{"D:\\Internship-Antstack\\s3-notification\\s3-delete-noti\\s3\\app.js": {"path":"D:\\Internship-Antstack\\s3-notification\\s3-delete-noti\\s3\\app.js","statementMap":{"0":{"start":{"line":1,"column":40},"end":{"line":1,"column":70}},"1":{"start":{"line":3,"column":18},"end":{"line":3,"column":56}},"2":{"start":{"line":5,"column":0},"end":{"line":40,"column":2}},"3":{"start":{"line":6,"column":22},"end":{"line":6,"column":27}},"4":{"start":{"line":8,"column":2},"end":{"line":34,"column":3}},"5":{"start":{"line":9,"column":23},"end":{"line":9,"column":44}},"6":{"start":{"line":10,"column":22},"end":{"line":10,"column":42}},"7":{"start":{"line":12,"column":19},"end":{"line":25,"column":5}},"8":{"start":{"line":27,"column":4},"end":{"line":33,"column":5}},"9":{"start":{"line":28,"column":22},"end":{"line":28,"column":50}},"10":{"start":{"line":29,"column":6},"end":{"line":29,"column":36}},"11":{"start":{"line":30,"column":6},"end":{"line":30,"column":65}},"12":{"start":{"line":32,"column":6},"end":{"line":32,"column":61}},"13":{"start":{"line":36,"column":2},"end":{"line":39,"column":4}}},"fnMap":{"0":{"name":"(anonymous_0)","decl":{"start":{"line":5,"column":18},"end":{"line":5,"column":19}},"loc":{"start":{"line":5,"column":35},"end":{"line":40,"column":1}},"line":5}},"branchMap":{},"s":{"0":1,"1":1,"2":1,"3":1,"4":1,"5":1,"6":1,"7":1,"8":1,"9":1,"10":1,"11":1,"12":0,"13":1},"f":{"0":1},"b":{},"_coverageSchema":"1a1c01bbd47fc00a2c39e90264f33305004495a9","hash":"615c6b22889ff334ff40f1c1741ede7540f9bc6a"}
}
